app/build/intermediates/manifest_merge_blame_file/release/processReleaseMainManifest/manifest-merger-blame-release-report.txt
1<?xml version="1.0" encoding="utf-8"?>
2<manifest xmlns:android="http://schemas.android.com/apk/res/android"
3    package="com.deaftech.todo"
4    android:versionCode="69"
5    android:versionName="7.9" >
6
7    <uses-sdk
8        android:minSdkVersion="23"
9        android:targetSdkVersion="34" />
10
11    <uses-permission android:name="android.permission.INTERNET" />
11-->src/main/AndroidManifest.xml:4:5-67
11-->src/main/AndroidManifest.xml:4:22-64
12    <uses-permission android:name="android.permission.ACCESS_NETWORK_STATE" />
12-->src/main/AndroidManifest.xml:5:5-79
12-->src/main/AndroidManifest.xml:5:22-76
13    <uses-permission android:name="com.google.android.gms.permission.AD_ID" />
13-->src/main/AndroidManifest.xml:6:5-79
13-->src/main/AndroidManifest.xml:6:22-76
14    <uses-permission android:name="com.samsung.android.providers.context.permission.WRITE_USE_APP_FEATURE_SURVEY" />
14-->src/main/AndroidManifest.xml:7:5-117
14-->src/main/AndroidManifest.xml:7:22-114
15    <uses-permission android:name="android.permission.WAKE_LOCK" />
15-->src/main/AndroidManifest.xml:8:5-68
15-->src/main/AndroidManifest.xml:8:22-65
16    <uses-permission android:name="android.permission.POST_NOTIFICATIONS" />
16-->src/main/AndroidManifest.xml:9:5-77
16-->src/main/AndroidManifest.xml:9:22-74
17    <uses-permission android:name="android.permission.SCHEDULE_EXACT_ALARM" />
17-->src/main/AndroidManifest.xml:10:5-78
17-->src/main/AndroidManifest.xml:10:22-76
18
19    <!-- Android package visibility setting -->
20    <queries>
20-->[com.google.android.gms:play-services-ads-lite:22.1.0] AndroidManifest.xml:32:5-48:15
21
22        <!-- For browser content -->
23        <intent>
23-->[com.google.android.gms:play-services-ads-lite:22.1.0] AndroidManifest.xml:35:9-41:18
24            <action android:name="android.intent.action.VIEW" />
24-->[com.google.firebase:firebase-auth:22.1.1] AndroidManifest.xml:36:17-69
24-->[com.google.firebase:firebase-auth:22.1.1] AndroidManifest.xml:36:25-66
25
26            <category android:name="android.intent.category.BROWSABLE" />
26-->[com.google.firebase:firebase-auth:22.1.1] AndroidManifest.xml:39:17-78
26-->[com.google.firebase:firebase-auth:22.1.1] AndroidManifest.xml:39:27-75
27
28            <data android:scheme="https" />
28-->[com.google.firebase:firebase-auth:22.1.1] AndroidManifest.xml:41:17-44:51
28-->[com.google.firebase:firebase-auth:22.1.1] AndroidManifest.xml:44:21-48
29        </intent>
30        <!-- End of browser content -->
31        <!-- For CustomTabsService -->
32        <intent>
32-->[com.google.android.gms:play-services-ads-lite:22.1.0] AndroidManifest.xml:44:9-46:18
33            <action android:name="android.support.customtabs.action.CustomTabsService" />
33-->[com.google.android.gms:play-services-ads-lite:22.1.0] AndroidManifest.xml:45:13-90
33-->[com.google.android.gms:play-services-ads-lite:22.1.0] AndroidManifest.xml:45:21-87
34        </intent>
35        <!-- End of CustomTabsService -->
36    </queries>
37
38    <uses-permission android:name="com.google.android.finsky.permission.BIND_GET_INSTALL_REFERRER_SERVICE" />
38-->[com.google.android.gms:play-services-measurement:21.3.0] AndroidManifest.xml:26:5-110
38-->[com.google.android.gms:play-services-measurement:21.3.0] AndroidManifest.xml:26:22-107
39    <uses-permission android:name="android.permission.FOREGROUND_SERVICE" />
39-->[androidx.work:work-runtime:2.7.0] AndroidManifest.xml:28:5-77
39-->[androidx.work:work-runtime:2.7.0] AndroidManifest.xml:28:22-74
40
41    <permission
41-->[androidx.core:core:1.9.0] AndroidManifest.xml:22:5-24:47
42        android:name="com.deaftech.todo.DYNAMIC_RECEIVER_NOT_EXPORTED_PERMISSION"
42-->[androidx.core:core:1.9.0] AndroidManifest.xml:23:9-81
43        android:protectionLevel="signature" />
43-->[androidx.core:core:1.9.0] AndroidManifest.xml:24:9-44
44
45    <uses-permission android:name="com.deaftech.todo.DYNAMIC_RECEIVER_NOT_EXPORTED_PERMISSION" />
45-->[androidx.core:core:1.9.0] AndroidManifest.xml:26:5-97
45-->[androidx.core:core:1.9.0] AndroidManifest.xml:26:22-94
46
47    <application
47-->src/main/AndroidManifest.xml:12:5-61:19
48        android:allowBackup="true"
48-->src/main/AndroidManifest.xml:13:9-35
49        android:appComponentFactory="androidx.core.app.CoreComponentFactory"
49-->[androidx.core:core:1.9.0] AndroidManifest.xml:28:18-86
50        android:extractNativeLibs="false"
51        android:icon="@drawable/todo_list_icon"
51-->src/main/AndroidManifest.xml:14:9-48
52        android:label="@string/app_name"
52-->src/main/AndroidManifest.xml:16:9-41
53        android:roundIcon="@drawable/todo_list_icon"
53-->src/main/AndroidManifest.xml:15:9-53
54        android:supportsRtl="true"
54-->src/main/AndroidManifest.xml:17:9-35
55        android:theme="@style/AppTheme" >
55-->src/main/AndroidManifest.xml:18:9-40
56        <activity
56-->src/main/AndroidManifest.xml:19:9-21:40
57            android:name="com.notes.keepnotes.ReminderActivity"
57-->src/main/AndroidManifest.xml:20:13-45
58            android:exported="false" />
58-->src/main/AndroidManifest.xml:21:13-37
59        <activity
59-->src/main/AndroidManifest.xml:22:9-24:40
60            android:name="com.notes.keepnotes.SplashScreenActivity"
60-->src/main/AndroidManifest.xml:23:13-49
61            android:exported="false" />
61-->src/main/AndroidManifest.xml:24:13-37
62        <activity
62-->src/main/AndroidManifest.xml:25:9-27:40
63            android:name="com.notes.keepnotes.Subscription"
63-->src/main/AndroidManifest.xml:26:13-41
64            android:exported="false" />
64-->src/main/AndroidManifest.xml:27:13-37
65
66        <meta-data
66-->src/main/AndroidManifest.xml:29:9-31:53
67            android:name="com.google.android.gms.ads.APPLICATION_ID"
67-->src/main/AndroidManifest.xml:30:13-69
68            android:value="@string/admobRealADId" />
68-->src/main/AndroidManifest.xml:31:13-50
69
70        <activity android:name="com.notes.keepnotes.Edit" />
70-->src/main/AndroidManifest.xml:33:9-42
70-->src/main/AndroidManifest.xml:33:19-39
71        <activity android:name="com.notes.keepnotes.Details" >
71-->src/main/AndroidManifest.xml:34:9-38:20
71-->src/main/AndroidManifest.xml:34:19-42
72            <meta-data
72-->src/main/AndroidManifest.xml:35:13-37:68
73                android:name="android.support.PARENT_ACTIVITY"
73-->src/main/AndroidManifest.xml:36:17-63
74                android:value="com.notes.keepnotes.MainActivity" />
74-->src/main/AndroidManifest.xml:37:17-65
75        </activity>
76        <activity android:name="com.notes.keepnotes.addNote" >
76-->src/main/AndroidManifest.xml:39:9-43:20
76-->src/main/AndroidManifest.xml:39:19-42
77            <meta-data
77-->src/main/AndroidManifest.xml:35:13-37:68
78                android:name="android.support.PARENT_ACTIVITY"
78-->src/main/AndroidManifest.xml:36:17-63
79                android:value="com.notes.keepnotes.MainActivity" />
79-->src/main/AndroidManifest.xml:37:17-65
80        </activity>
81        <activity
81-->src/main/AndroidManifest.xml:44:9-52:20
82            android:name="com.notes.keepnotes.MainActivity"
82-->src/main/AndroidManifest.xml:45:13-41
83            android:exported="true" >
83-->src/main/AndroidManifest.xml:46:13-36
84            <intent-filter>
84-->src/main/AndroidManifest.xml:47:13-51:29
85                <action android:name="android.intent.action.MAIN" />
85-->src/main/AndroidManifest.xml:48:17-69
85-->src/main/AndroidManifest.xml:48:25-66
86
87                <category android:name="android.intent.category.LAUNCHER" />
87-->src/main/AndroidManifest.xml:50:17-77
87-->src/main/AndroidManifest.xml:50:27-74
88            </intent-filter>
89        </activity>
90
91        <receiver
91-->src/main/AndroidManifest.xml:54:9-77
92            android:name="com.notes.keepnotes.ReminderReceiver"
92-->src/main/AndroidManifest.xml:54:19-51
93            android:exported="true" />
93-->src/main/AndroidManifest.xml:54:52-75
94        <receiver
94-->src/main/AndroidManifest.xml:57:9-77
95            android:name="com.notes.keepnotes.SnoozeReceiver"
95-->src/main/AndroidManifest.xml:57:19-49
96            android:exported="false" />
96-->src/main/AndroidManifest.xml:57:50-74
97
98        <service
98-->[com.google.firebase:firebase-storage:20.2.1] AndroidManifest.xml:29:9-35:19
99            android:name="com.google.firebase.components.ComponentDiscoveryService"
99-->[com.google.firebase:firebase-storage:20.2.1] AndroidManifest.xml:30:13-84
100            android:directBootAware="true"
100-->[com.google.firebase:firebase-common:20.3.3] AndroidManifest.xml:34:13-43
101            android:exported="false" >
101-->[com.google.firebase:firebase-storage:20.2.1] AndroidManifest.xml:31:13-37
102            <meta-data
102-->[com.google.firebase:firebase-storage:20.2.1] AndroidManifest.xml:32:13-34:85
103                android:name="com.google.firebase.components:com.google.firebase.storage.StorageRegistrar"
103-->[com.google.firebase:firebase-storage:20.2.1] AndroidManifest.xml:33:17-107
104                android:value="com.google.firebase.components.ComponentRegistrar" />
104-->[com.google.firebase:firebase-storage:20.2.1] AndroidManifest.xml:34:17-82
105            <meta-data
105-->[com.google.firebase:firebase-auth:22.1.1] AndroidManifest.xml:69:13-71:85
106                android:name="com.google.firebase.components:com.google.firebase.auth.FirebaseAuthRegistrar"
106-->[com.google.firebase:firebase-auth:22.1.1] AndroidManifest.xml:70:17-109
107                android:value="com.google.firebase.components.ComponentRegistrar" />
107-->[com.google.firebase:firebase-auth:22.1.1] AndroidManifest.xml:71:17-82
108            <meta-data
108-->[com.google.android.gms:play-services-measurement-api:21.3.0] AndroidManifest.xml:31:13-33:85
109                android:name="com.google.firebase.components:com.google.firebase.analytics.connector.internal.AnalyticsConnectorRegistrar"
109-->[com.google.android.gms:play-services-measurement-api:21.3.0] AndroidManifest.xml:32:17-139
110                android:value="com.google.firebase.components.ComponentRegistrar" />
110-->[com.google.android.gms:play-services-measurement-api:21.3.0] AndroidManifest.xml:33:17-82
111            <meta-data
111-->[com.google.firebase:firebase-installations:17.1.4] AndroidManifest.xml:15:13-17:85
112                android:name="com.google.firebase.components:com.google.firebase.installations.FirebaseInstallationsRegistrar"
112-->[com.google.firebase:firebase-installations:17.1.4] AndroidManifest.xml:16:17-127
113                android:value="com.google.firebase.components.ComponentRegistrar" />
113-->[com.google.firebase:firebase-installations:17.1.4] AndroidManifest.xml:17:17-82
114        </service>
115
116        <activity
116-->[com.google.firebase:firebase-auth:22.1.1] AndroidManifest.xml:29:9-46:20
117            android:name="com.google.firebase.auth.internal.GenericIdpActivity"
117-->[com.google.firebase:firebase-auth:22.1.1] AndroidManifest.xml:30:13-80
118            android:excludeFromRecents="true"
118-->[com.google.firebase:firebase-auth:22.1.1] AndroidManifest.xml:31:13-46
119            android:exported="true"
119-->[com.google.firebase:firebase-auth:22.1.1] AndroidManifest.xml:32:13-36
120            android:launchMode="singleTask"
120-->[com.google.firebase:firebase-auth:22.1.1] AndroidManifest.xml:33:13-44
121            android:theme="@android:style/Theme.Translucent.NoTitleBar" >
121-->[com.google.firebase:firebase-auth:22.1.1] AndroidManifest.xml:34:13-72
122            <intent-filter>
122-->[com.google.firebase:firebase-auth:22.1.1] AndroidManifest.xml:35:13-45:29
123                <action android:name="android.intent.action.VIEW" />
123-->[com.google.firebase:firebase-auth:22.1.1] AndroidManifest.xml:36:17-69
123-->[com.google.firebase:firebase-auth:22.1.1] AndroidManifest.xml:36:25-66
124
125                <category android:name="android.intent.category.DEFAULT" />
125-->[com.google.firebase:firebase-auth:22.1.1] AndroidManifest.xml:38:17-76
125-->[com.google.firebase:firebase-auth:22.1.1] AndroidManifest.xml:38:27-73
126                <category android:name="android.intent.category.BROWSABLE" />
126-->[com.google.firebase:firebase-auth:22.1.1] AndroidManifest.xml:39:17-78
126-->[com.google.firebase:firebase-auth:22.1.1] AndroidManifest.xml:39:27-75
127
128                <data
128-->[com.google.firebase:firebase-auth:22.1.1] AndroidManifest.xml:41:17-44:51
129                    android:host="firebase.auth"
129-->[com.google.firebase:firebase-auth:22.1.1] AndroidManifest.xml:42:21-49
130                    android:path="/"
130-->[com.google.firebase:firebase-auth:22.1.1] AndroidManifest.xml:43:21-37
131                    android:scheme="genericidp" />
131-->[com.google.firebase:firebase-auth:22.1.1] AndroidManifest.xml:44:21-48
132            </intent-filter>
133        </activity>
134        <activity
134-->[com.google.firebase:firebase-auth:22.1.1] AndroidManifest.xml:47:9-64:20
135            android:name="com.google.firebase.auth.internal.RecaptchaActivity"
135-->[com.google.firebase:firebase-auth:22.1.1] AndroidManifest.xml:48:13-79
136            android:excludeFromRecents="true"
136-->[com.google.firebase:firebase-auth:22.1.1] AndroidManifest.xml:49:13-46
137            android:exported="true"
137-->[com.google.firebase:firebase-auth:22.1.1] AndroidManifest.xml:50:13-36
138            android:launchMode="singleTask"
138-->[com.google.firebase:firebase-auth:22.1.1] AndroidManifest.xml:51:13-44
139            android:theme="@android:style/Theme.Translucent.NoTitleBar" >
139-->[com.google.firebase:firebase-auth:22.1.1] AndroidManifest.xml:52:13-72
140            <intent-filter>
140-->[com.google.firebase:firebase-auth:22.1.1] AndroidManifest.xml:53:13-63:29
141                <action android:name="android.intent.action.VIEW" />
141-->[com.google.firebase:firebase-auth:22.1.1] AndroidManifest.xml:36:17-69
141-->[com.google.firebase:firebase-auth:22.1.1] AndroidManifest.xml:36:25-66
142
143                <category android:name="android.intent.category.DEFAULT" />
143-->[com.google.firebase:firebase-auth:22.1.1] AndroidManifest.xml:38:17-76
143-->[com.google.firebase:firebase-auth:22.1.1] AndroidManifest.xml:38:27-73
144                <category android:name="android.intent.category.BROWSABLE" />
144-->[com.google.firebase:firebase-auth:22.1.1] AndroidManifest.xml:39:17-78
144-->[com.google.firebase:firebase-auth:22.1.1] AndroidManifest.xml:39:27-75
145
146                <data
146-->[com.google.firebase:firebase-auth:22.1.1] AndroidManifest.xml:41:17-44:51
147                    android:host="firebase.auth"
147-->[com.google.firebase:firebase-auth:22.1.1] AndroidManifest.xml:42:21-49
148                    android:path="/"
148-->[com.google.firebase:firebase-auth:22.1.1] AndroidManifest.xml:43:21-37
149                    android:scheme="recaptcha" />
149-->[com.google.firebase:firebase-auth:22.1.1] AndroidManifest.xml:44:21-48
150            </intent-filter>
151        </activity>
152        <activity
152-->[com.google.android.gms:play-services-base:18.0.1] AndroidManifest.xml:20:9-22:45
153            android:name="com.google.android.gms.common.api.GoogleApiActivity"
153-->[com.google.android.gms:play-services-base:18.0.1] AndroidManifest.xml:20:19-85
154            android:exported="false"
154-->[com.google.android.gms:play-services-base:18.0.1] AndroidManifest.xml:22:19-43
155            android:theme="@android:style/Theme.Translucent.NoTitleBar" /> <!-- Include the AdActivity and InAppPurchaseActivity configChanges and themes. -->
155-->[com.google.android.gms:play-services-base:18.0.1] AndroidManifest.xml:21:19-78
156        <activity
156-->[com.google.android.gms:play-services-ads-lite:22.1.0] AndroidManifest.xml:53:9-58:43
157            android:name="com.google.android.gms.ads.AdActivity"
157-->[com.google.android.gms:play-services-ads-lite:22.1.0] AndroidManifest.xml:54:13-65
158            android:configChanges="keyboard|keyboardHidden|orientation|screenLayout|uiMode|screenSize|smallestScreenSize"
158-->[com.google.android.gms:play-services-ads-lite:22.1.0] AndroidManifest.xml:55:13-122
159            android:exported="false"
159-->[com.google.android.gms:play-services-ads-lite:22.1.0] AndroidManifest.xml:56:13-37
160            android:theme="@android:style/Theme.Translucent" />
160-->[com.google.android.gms:play-services-ads-lite:22.1.0] AndroidManifest.xml:57:13-61
161
162        <provider
162-->[com.google.android.gms:play-services-ads-lite:22.1.0] AndroidManifest.xml:60:9-65:43
163            android:name="com.google.android.gms.ads.MobileAdsInitProvider"
163-->[com.google.android.gms:play-services-ads-lite:22.1.0] AndroidManifest.xml:61:13-76
164            android:authorities="com.deaftech.todo.mobileadsinitprovider"
164-->[com.google.android.gms:play-services-ads-lite:22.1.0] AndroidManifest.xml:62:13-73
165            android:exported="false"
165-->[com.google.android.gms:play-services-ads-lite:22.1.0] AndroidManifest.xml:63:13-37
166            android:initOrder="100" />
166-->[com.google.android.gms:play-services-ads-lite:22.1.0] AndroidManifest.xml:64:13-36
167
168        <service
168-->[com.google.android.gms:play-services-ads-lite:22.1.0] AndroidManifest.xml:67:9-71:43
169            android:name="com.google.android.gms.ads.AdService"
169-->[com.google.android.gms:play-services-ads-lite:22.1.0] AndroidManifest.xml:68:13-64
170            android:enabled="true"
170-->[com.google.android.gms:play-services-ads-lite:22.1.0] AndroidManifest.xml:69:13-35
171            android:exported="false" />
171-->[com.google.android.gms:play-services-ads-lite:22.1.0] AndroidManifest.xml:70:13-37
172
173        <activity
173-->[com.google.android.gms:play-services-ads-lite:22.1.0] AndroidManifest.xml:73:9-77:43
174            android:name="com.google.android.gms.ads.OutOfContextTestingActivity"
174-->[com.google.android.gms:play-services-ads-lite:22.1.0] AndroidManifest.xml:74:13-82
175            android:configChanges="keyboard|keyboardHidden|orientation|screenLayout|uiMode|screenSize|smallestScreenSize"
175-->[com.google.android.gms:play-services-ads-lite:22.1.0] AndroidManifest.xml:75:13-122
176            android:exported="false" />
176-->[com.google.android.gms:play-services-ads-lite:22.1.0] AndroidManifest.xml:76:13-37
177
178        <provider
178-->[com.google.firebase:firebase-common:20.3.3] AndroidManifest.xml:25:9-30:39
179            android:name="com.google.firebase.provider.FirebaseInitProvider"
179-->[com.google.firebase:firebase-common:20.3.3] AndroidManifest.xml:26:13-77
180            android:authorities="com.deaftech.todo.firebaseinitprovider"
180-->[com.google.firebase:firebase-common:20.3.3] AndroidManifest.xml:27:13-72
181            android:directBootAware="true"
181-->[com.google.firebase:firebase-common:20.3.3] AndroidManifest.xml:28:13-43
182            android:exported="false"
182-->[com.google.firebase:firebase-common:20.3.3] AndroidManifest.xml:29:13-37
183            android:initOrder="100" />
183-->[com.google.firebase:firebase-common:20.3.3] AndroidManifest.xml:30:13-36
184
185        <receiver
185-->[com.google.android.gms:play-services-measurement:21.3.0] AndroidManifest.xml:29:9-33:20
186            android:name="com.google.android.gms.measurement.AppMeasurementReceiver"
186-->[com.google.android.gms:play-services-measurement:21.3.0] AndroidManifest.xml:30:13-85
187            android:enabled="true"
187-->[com.google.android.gms:play-services-measurement:21.3.0] AndroidManifest.xml:31:13-35
188            android:exported="false" >
188-->[com.google.android.gms:play-services-measurement:21.3.0] AndroidManifest.xml:32:13-37
189        </receiver>
190
191        <service
191-->[com.google.android.gms:play-services-measurement:21.3.0] AndroidManifest.xml:35:9-38:40
192            android:name="com.google.android.gms.measurement.AppMeasurementService"
192-->[com.google.android.gms:play-services-measurement:21.3.0] AndroidManifest.xml:36:13-84
193            android:enabled="true"
193-->[com.google.android.gms:play-services-measurement:21.3.0] AndroidManifest.xml:37:13-35
194            android:exported="false" />
194-->[com.google.android.gms:play-services-measurement:21.3.0] AndroidManifest.xml:38:13-37
195        <service
195-->[com.google.android.gms:play-services-measurement:21.3.0] AndroidManifest.xml:39:9-43:72
196            android:name="com.google.android.gms.measurement.AppMeasurementJobService"
196-->[com.google.android.gms:play-services-measurement:21.3.0] AndroidManifest.xml:40:13-87
197            android:enabled="true"
197-->[com.google.android.gms:play-services-measurement:21.3.0] AndroidManifest.xml:41:13-35
198            android:exported="false"
198-->[com.google.android.gms:play-services-measurement:21.3.0] AndroidManifest.xml:42:13-37
199            android:permission="android.permission.BIND_JOB_SERVICE" />
199-->[com.google.android.gms:play-services-measurement:21.3.0] AndroidManifest.xml:43:13-69
200
201        <uses-library
201-->[androidx.window:window:1.0.0] AndroidManifest.xml:25:9-27:40
202            android:name="androidx.window.extensions"
202-->[androidx.window:window:1.0.0] AndroidManifest.xml:26:13-54
203            android:required="false" />
203-->[androidx.window:window:1.0.0] AndroidManifest.xml:27:13-37
204        <uses-library
204-->[androidx.window:window:1.0.0] AndroidManifest.xml:28:9-30:40
205            android:name="androidx.window.sidecar"
205-->[androidx.window:window:1.0.0] AndroidManifest.xml:29:13-51
206            android:required="false" />
206-->[androidx.window:window:1.0.0] AndroidManifest.xml:30:13-37
207
208        <meta-data
208-->[com.google.android.gms:play-services-basement:18.4.0] AndroidManifest.xml:6:9-122
209            android:name="com.google.android.gms.version"
209-->[com.google.android.gms:play-services-basement:18.4.0] AndroidManifest.xml:6:20-65
210            android:value="@integer/google_play_services_version" />
210-->[com.google.android.gms:play-services-basement:18.4.0] AndroidManifest.xml:6:66-119
211
212        <provider
212-->[androidx.emoji2:emoji2:1.2.0] AndroidManifest.xml:24:9-32:20
213            android:name="androidx.startup.InitializationProvider"
213-->[androidx.emoji2:emoji2:1.2.0] AndroidManifest.xml:25:13-67
214            android:authorities="com.deaftech.todo.androidx-startup"
214-->[androidx.emoji2:emoji2:1.2.0] AndroidManifest.xml:26:13-68
215            android:exported="false" >
215-->[androidx.emoji2:emoji2:1.2.0] AndroidManifest.xml:27:13-37
216            <meta-data
216-->[androidx.emoji2:emoji2:1.2.0] AndroidManifest.xml:29:13-31:52
217                android:name="androidx.emoji2.text.EmojiCompatInitializer"
217-->[androidx.emoji2:emoji2:1.2.0] AndroidManifest.xml:30:17-75
218                android:value="androidx.startup" />
218-->[androidx.emoji2:emoji2:1.2.0] AndroidManifest.xml:31:17-49
219            <meta-data
219-->[androidx.work:work-runtime:2.7.0] AndroidManifest.xml:36:13-38:52
220                android:name="androidx.work.WorkManagerInitializer"
220-->[androidx.work:work-runtime:2.7.0] AndroidManifest.xml:37:17-68
221                android:value="androidx.startup" />
221-->[androidx.work:work-runtime:2.7.0] AndroidManifest.xml:38:17-49
222            <meta-data
222-->[androidx.lifecycle:lifecycle-process:2.4.1] AndroidManifest.xml:31:13-33:52
223                android:name="androidx.lifecycle.ProcessLifecycleInitializer"
223-->[androidx.lifecycle:lifecycle-process:2.4.1] AndroidManifest.xml:32:17-78
224                android:value="androidx.startup" />
224-->[androidx.lifecycle:lifecycle-process:2.4.1] AndroidManifest.xml:33:17-49
225        </provider>
226
227        <service
227-->[androidx.work:work-runtime:2.7.0] AndroidManifest.xml:41:9-46:35
228            android:name="androidx.work.impl.background.systemalarm.SystemAlarmService"
228-->[androidx.work:work-runtime:2.7.0] AndroidManifest.xml:42:13-88
229            android:directBootAware="false"
229-->[androidx.work:work-runtime:2.7.0] AndroidManifest.xml:43:13-44
230            android:enabled="@bool/enable_system_alarm_service_default"
230-->[androidx.work:work-runtime:2.7.0] AndroidManifest.xml:44:13-72
231            android:exported="false" />
231-->[androidx.work:work-runtime:2.7.0] AndroidManifest.xml:45:13-37
232        <service
232-->[androidx.work:work-runtime:2.7.0] AndroidManifest.xml:47:9-53:35
233            android:name="androidx.work.impl.background.systemjob.SystemJobService"
233-->[androidx.work:work-runtime:2.7.0] AndroidManifest.xml:48:13-84
234            android:directBootAware="false"
234-->[androidx.work:work-runtime:2.7.0] AndroidManifest.xml:49:13-44
235            android:enabled="@bool/enable_system_job_service_default"
235-->[androidx.work:work-runtime:2.7.0] AndroidManifest.xml:50:13-70
236            android:exported="true"
236-->[androidx.work:work-runtime:2.7.0] AndroidManifest.xml:51:13-36
237            android:permission="android.permission.BIND_JOB_SERVICE" />
237-->[androidx.work:work-runtime:2.7.0] AndroidManifest.xml:52:13-69
238        <service
238-->[androidx.work:work-runtime:2.7.0] AndroidManifest.xml:54:9-59:35
239            android:name="androidx.work.impl.foreground.SystemForegroundService"
239-->[androidx.work:work-runtime:2.7.0] AndroidManifest.xml:55:13-81
240            android:directBootAware="false"
240-->[androidx.work:work-runtime:2.7.0] AndroidManifest.xml:56:13-44
241            android:enabled="@bool/enable_system_foreground_service_default"
241-->[androidx.work:work-runtime:2.7.0] AndroidManifest.xml:57:13-77
242            android:exported="false" />
242-->[androidx.work:work-runtime:2.7.0] AndroidManifest.xml:58:13-37
243
244        <receiver
244-->[androidx.work:work-runtime:2.7.0] AndroidManifest.xml:61:9-66:35
245            android:name="androidx.work.impl.utils.ForceStopRunnable$BroadcastReceiver"
245-->[androidx.work:work-runtime:2.7.0] AndroidManifest.xml:62:13-88
246            android:directBootAware="false"
246-->[androidx.work:work-runtime:2.7.0] AndroidManifest.xml:63:13-44
247            android:enabled="true"
247-->[androidx.work:work-runtime:2.7.0] AndroidManifest.xml:64:13-35
248            android:exported="false" />
248-->[androidx.work:work-runtime:2.7.0] AndroidManifest.xml:65:13-37
249        <receiver
249-->[androidx.work:work-runtime:2.7.0] AndroidManifest.xml:67:9-77:20
250            android:name="androidx.work.impl.background.systemalarm.ConstraintProxy$BatteryChargingProxy"
250-->[androidx.work:work-runtime:2.7.0] AndroidManifest.xml:68:13-106
251            android:directBootAware="false"
251-->[androidx.work:work-runtime:2.7.0] AndroidManifest.xml:69:13-44
252            android:enabled="false"
252-->[androidx.work:work-runtime:2.7.0] AndroidManifest.xml:70:13-36
253            android:exported="false" >
253-->[androidx.work:work-runtime:2.7.0] AndroidManifest.xml:71:13-37
254            <intent-filter>
254-->[androidx.work:work-runtime:2.7.0] AndroidManifest.xml:73:13-76:29
255                <action android:name="android.intent.action.ACTION_POWER_CONNECTED" />
255-->[androidx.work:work-runtime:2.7.0] AndroidManifest.xml:74:17-87
255-->[androidx.work:work-runtime:2.7.0] AndroidManifest.xml:74:25-84
256                <action android:name="android.intent.action.ACTION_POWER_DISCONNECTED" />
256-->[androidx.work:work-runtime:2.7.0] AndroidManifest.xml:75:17-90
256-->[androidx.work:work-runtime:2.7.0] AndroidManifest.xml:75:25-87
257            </intent-filter>
258        </receiver>
259        <receiver
259-->[androidx.work:work-runtime:2.7.0] AndroidManifest.xml:78:9-88:20
260            android:name="androidx.work.impl.background.systemalarm.ConstraintProxy$BatteryNotLowProxy"
260-->[androidx.work:work-runtime:2.7.0] AndroidManifest.xml:79:13-104
261            android:directBootAware="false"
261-->[androidx.work:work-runtime:2.7.0] AndroidManifest.xml:80:13-44
262            android:enabled="false"
262-->[androidx.work:work-runtime:2.7.0] AndroidManifest.xml:81:13-36
263            android:exported="false" >
263-->[androidx.work:work-runtime:2.7.0] AndroidManifest.xml:82:13-37
264            <intent-filter>
264-->[androidx.work:work-runtime:2.7.0] AndroidManifest.xml:84:13-87:29
265                <action android:name="android.intent.action.BATTERY_OKAY" />
265-->[androidx.work:work-runtime:2.7.0] AndroidManifest.xml:85:17-77
265-->[androidx.work:work-runtime:2.7.0] AndroidManifest.xml:85:25-74
266                <action android:name="android.intent.action.BATTERY_LOW" />
266-->[androidx.work:work-runtime:2.7.0] AndroidManifest.xml:86:17-76
266-->[androidx.work:work-runtime:2.7.0] AndroidManifest.xml:86:25-73
267            </intent-filter>
268        </receiver>
269        <receiver
269-->[androidx.work:work-runtime:2.7.0] AndroidManifest.xml:89:9-99:20
270            android:name="androidx.work.impl.background.systemalarm.ConstraintProxy$StorageNotLowProxy"
270-->[androidx.work:work-runtime:2.7.0] AndroidManifest.xml:90:13-104
271            android:directBootAware="false"
271-->[androidx.work:work-runtime:2.7.0] AndroidManifest.xml:91:13-44
272            android:enabled="false"
272-->[androidx.work:work-runtime:2.7.0] AndroidManifest.xml:92:13-36
273            android:exported="false" >
273-->[androidx.work:work-runtime:2.7.0] AndroidManifest.xml:93:13-37
274            <intent-filter>
274-->[androidx.work:work-runtime:2.7.0] AndroidManifest.xml:95:13-98:29
275                <action android:name="android.intent.action.DEVICE_STORAGE_LOW" />
275-->[androidx.work:work-runtime:2.7.0] AndroidManifest.xml:96:17-83
275-->[androidx.work:work-runtime:2.7.0] AndroidManifest.xml:96:25-80
276                <action android:name="android.intent.action.DEVICE_STORAGE_OK" />
276-->[androidx.work:work-runtime:2.7.0] AndroidManifest.xml:97:17-82
276-->[androidx.work:work-runtime:2.7.0] AndroidManifest.xml:97:25-79
277            </intent-filter>